<?xml version="1.0" encoding="UTF-8"?>
<testsuite xmlns:xsi="http://www.w3.org/2001/XMLSchema-instance" xsi:noNamespaceSchemaLocation="https://maven.apache.org/surefire/maven-surefire-plugin/xsd/surefire-test-report.xsd" version="3.0.2" name="com.map.metahive.MetaHiveApplicationTests" time="1.53" tests="1" errors="0" skipped="0" failures="0">
  <properties>
[...]
</properties>
  <testcase name="contextLoads" classname="com.map.metahive.MetaHiveApplicationTests" time="0.007">
    <system-out><![CDATA[00:28:49.705 [main] INFO org.springframework.test.context.support.AnnotationConfigContextLoaderUtils -- Could not detect default configuration classes for test class [com.map.metahive.MetaHiveApplicationTests]: MetaHiveApplicationTests does not declare any static, non-private, non-final, nested classes annotated with @Configuration.
00:28:49.818 [main] INFO org.springframework.boot.test.context.SpringBootTestContextBootstrapper -- Found @SpringBootConfiguration com.map.metahive.MetaHiveApplication for test class com.map.metahive.MetaHiveApplicationTests

  .   ____          _            __ _ _
 /\\ / ___'_ __ _ _(_)_ __  __ _ \ \ \ \
( ( )\___ | '_ | '_| | '_ \/ _` | \ \ \ \
 \\/  ___)| |_)| | | | | || (_| |  ) ) ) )
  '  |____| .__|_| |_|_| |_\__, | / / / /
 =========|_|==============|___/=/_/_/_/

 :: Spring Boot ::                (v3.4.0)

2025-04-26T00:28:50.189+06:00  INFO 715 --- [MetaHive] [           main] c.map.metahive.MetaHiveApplicationTests  : Starting MetaHiveApplicationTests using Java 21.0.2 with PID 715 (started by md.saidurrahmansagor in /Users/md.saidurrahmansagor/Developments/code-warriors-/project/backend/multiplayer-map-service)
2025-04-26T00:28:50.190+06:00  INFO 715 --- [MetaHive] [           main] c.map.metahive.MetaHiveApplicationTests  : No active profile set, falling back to 1 default profile: "default"
2025-04-26T00:28:50.843+06:00 DEBUG 715 --- [MetaHive] [           main] o.s.w.s.s.s.WebSocketHandlerMapping      : Patterns [/ws/**] in 'stompWebSocketHandlerMapping'
2025-04-26T00:28:50.888+06:00 DEBUG 715 --- [MetaHive] [           main] .WebSocketAnnotationMethodMessageHandler : 
	c.m.m.c.PlayerController:
	{[MESSAGE],[/createRoom]}: createRoom(CreateRoomRequest)
	{[MESSAGE],[/joinRoom]}: joinRoom(SimpMessageHeaderAccessor,JoinRoomRequest)
	{[MESSAGE],[/register]}: registerPlayer(Player)
	{[MESSAGE],[/move]}: movePlayer(Player)
	{[MESSAGE],[/leaveRoom]}: leaveRoom(LeaveRoomRequest)
2025-04-26T00:28:50.893+06:00 DEBUG 715 --- [MetaHive] [           main] .WebSocketAnnotationMethodMessageHandler : 
	o.s.b.a.w.s.e.BasicErrorController:
	
2025-04-26T00:28:51.110+06:00 DEBUG 715 --- [MetaHive] [           main] o.s.m.s.ExecutorSubscribableChannel      : clientOutboundChannel added SubProtocolWebSocketHandler[StompSubProtocolHandler[v10.stomp, v11.stomp, v12.stomp]]
2025-04-26T00:28:51.111+06:00 DEBUG 715 --- [MetaHive] [           main] o.s.m.s.ExecutorSubscribableChannel      : clientInboundChannel added WebSocketAnnotationMethodMessageHandler[prefixes=[/app/]]
2025-04-26T00:28:51.111+06:00  INFO 715 --- [MetaHive] [           main] o.s.m.s.b.SimpleBrokerMessageHandler     : Starting...
2025-04-26T00:28:51.111+06:00 DEBUG 715 --- [MetaHive] [           main] o.s.m.s.ExecutorSubscribableChannel      : clientInboundChannel added SimpleBrokerMessageHandler [org.springframework.messaging.simp.broker.DefaultSubscriptionRegistry@1d891373]
2025-04-26T00:28:51.111+06:00 DEBUG 715 --- [MetaHive] [           main] o.s.m.s.ExecutorSubscribableChannel      : brokerChannel added SimpleBrokerMessageHandler [org.springframework.messaging.simp.broker.DefaultSubscriptionRegistry@1d891373]
2025-04-26T00:28:51.112+06:00  INFO 715 --- [MetaHive] [           main] o.s.m.s.b.SimpleBrokerMessageHandler     : BrokerAvailabilityEvent[available=true, SimpleBrokerMessageHandler [org.springframework.messaging.simp.broker.DefaultSubscriptionRegistry@1d891373]]
2025-04-26T00:28:51.112+06:00  INFO 715 --- [MetaHive] [           main] o.s.m.s.b.SimpleBrokerMessageHandler     : Started.
2025-04-26T00:28:51.113+06:00 DEBUG 715 --- [MetaHive] [           main] o.s.m.s.ExecutorSubscribableChannel      : clientInboundChannel added UserDestinationMessageHandler[DefaultUserDestinationResolver[prefix=/user/]]
2025-04-26T00:28:51.113+06:00 DEBUG 715 --- [MetaHive] [           main] o.s.m.s.ExecutorSubscribableChannel      : brokerChannel added UserDestinationMessageHandler[DefaultUserDestinationResolver[prefix=/user/]]
2025-04-26T00:28:51.118+06:00  INFO 715 --- [MetaHive] [           main] c.map.metahive.MetaHiveApplicationTests  : Started MetaHiveApplicationTests in 1.168 seconds (process running for 3.206)
]]></system-out>
  </testcase>
</testsuite>